{"D:\\Github Repos\\REC-CTS-DN-Reverence-FEP\\server\\server.js": {"path":"D:\\Github Repos\\REC-CTS-DN-Reverence-FEP\\server\\server.js","statementMap":{"0":{"start":{"line":1,"column":16},"end":{"line":1,"column":34}},"1":{"start":{"line":2,"column":13},"end":{"line":2,"column":28}},"2":{"start":{"line":3,"column":17},"end":{"line":3,"column":36}},"3":{"start":{"line":4,"column":15},"end":{"line":4,"column":32}},"4":{"start":{"line":5,"column":15},"end":{"line":5,"column":32}},"5":{"start":{"line":6,"column":21},"end":{"line":6,"column":45}},"6":{"start":{"line":7,"column":19},"end":{"line":7,"column":41}},"7":{"start":{"line":8,"column":19},"end":{"line":8,"column":52}},"8":{"start":{"line":9,"column":21},"end":{"line":9,"column":56}},"9":{"start":{"line":10,"column":19},"end":{"line":10,"column":58}},"10":{"start":{"line":12,"column":0},"end":{"line":12,"column":16}},"11":{"start":{"line":14,"column":12},"end":{"line":14,"column":21}},"12":{"start":{"line":15,"column":13},"end":{"line":15,"column":29}},"13":{"start":{"line":17,"column":0},"end":{"line":17,"column":48}},"14":{"start":{"line":18,"column":0},"end":{"line":21,"column":4}},"15":{"start":{"line":22,"column":0},"end":{"line":22,"column":24}},"16":{"start":{"line":23,"column":0},"end":{"line":23,"column":24}},"17":{"start":{"line":24,"column":0},"end":{"line":24,"column":24}},"18":{"start":{"line":27,"column":0},"end":{"line":33,"column":2}},"19":{"start":{"line":34,"column":0},"end":{"line":36,"column":3}},"20":{"start":{"line":35,"column":4},"end":{"line":35,"column":55}},"21":{"start":{"line":38,"column":18},"end":{"line":40,"column":2}},"22":{"start":{"line":39,"column":4},"end":{"line":39,"column":54}},"23":{"start":{"line":42,"column":0},"end":{"line":44,"column":3}},"24":{"start":{"line":43,"column":4},"end":{"line":43,"column":21}},"25":{"start":{"line":46,"column":0},"end":{"line":46,"column":29}},"26":{"start":{"line":47,"column":0},"end":{"line":47,"column":33}},"27":{"start":{"line":48,"column":0},"end":{"line":48,"column":34}},"28":{"start":{"line":50,"column":0},"end":{"line":50,"column":42}}},"fnMap":{"0":{"name":"(anonymous_0)","decl":{"start":{"line":34,"column":33},"end":{"line":34,"column":34}},"loc":{"start":{"line":34,"column":39},"end":{"line":36,"column":1}},"line":34},"1":{"name":"(anonymous_1)","decl":{"start":{"line":38,"column":35},"end":{"line":38,"column":36}},"loc":{"start":{"line":38,"column":41},"end":{"line":40,"column":1}},"line":38},"2":{"name":"(anonymous_2)","decl":{"start":{"line":42,"column":13},"end":{"line":42,"column":14}},"loc":{"start":{"line":42,"column":27},"end":{"line":44,"column":1}},"line":42}},"branchMap":{},"s":{"0":1,"1":1,"2":1,"3":1,"4":1,"5":1,"6":1,"7":1,"8":1,"9":1,"10":1,"11":1,"12":1,"13":1,"14":1,"15":1,"16":1,"17":1,"18":1,"19":1,"20":1,"21":1,"22":0,"23":1,"24":0,"25":1,"26":1,"27":1,"28":1},"f":{"0":1,"1":0,"2":0},"b":{},"_coverageSchema":"1a1c01bbd47fc00a2c39e90264f33305004495a9","hash":"1ad101dfff9b4c437f975fb6076b86eabf5aa967"}
,"D:\\Github Repos\\REC-CTS-DN-Reverence-FEP\\server\\middleware\\isLoggedIn.middleware.js": {"path":"D:\\Github Repos\\REC-CTS-DN-Reverence-FEP\\server\\middleware\\isLoggedIn.middleware.js","statementMap":{"0":{"start":{"line":1,"column":12},"end":{"line":1,"column":35}},"1":{"start":{"line":2,"column":15},"end":{"line":2,"column":32}},"2":{"start":{"line":4,"column":0},"end":{"line":4,"column":16}},"3":{"start":{"line":6,"column":19},"end":{"line":27,"column":1}},"4":{"start":{"line":7,"column":4},"end":{"line":26,"column":5}},"5":{"start":{"line":8,"column":8},"end":{"line":23,"column":9}},"6":{"start":{"line":9,"column":26},"end":{"line":9,"column":99}},"7":{"start":{"line":10,"column":12},"end":{"line":20,"column":13}},"8":{"start":{"line":11,"column":32},"end":{"line":11,"column":69}},"9":{"start":{"line":12,"column":16},"end":{"line":17,"column":17}},"10":{"start":{"line":13,"column":20},"end":{"line":13,"column":39}},"11":{"start":{"line":14,"column":20},"end":{"line":14,"column":27}},"12":{"start":{"line":16,"column":20},"end":{"line":16,"column":81}},"13":{"start":{"line":19,"column":16},"end":{"line":19,"column":82}},"14":{"start":{"line":22,"column":12},"end":{"line":22,"column":90}},"15":{"start":{"line":25,"column":8},"end":{"line":25,"column":40}},"16":{"start":{"line":29,"column":0},"end":{"line":29,"column":28}}},"fnMap":{"0":{"name":"(anonymous_0)","decl":{"start":{"line":6,"column":19},"end":{"line":6,"column":20}},"loc":{"start":{"line":6,"column":45},"end":{"line":27,"column":1}},"line":6}},"branchMap":{"0":{"loc":{"start":{"line":8,"column":8},"end":{"line":23,"column":9}},"type":"if","locations":[{"start":{"line":8,"column":8},"end":{"line":23,"column":9}},{"start":{"line":21,"column":15},"end":{"line":23,"column":9}}],"line":8},"1":{"loc":{"start":{"line":8,"column":11},"end":{"line":8,"column":51}},"type":"binary-expr","locations":[{"start":{"line":8,"column":11},"end":{"line":8,"column":36}},{"start":{"line":8,"column":40},"end":{"line":8,"column":51}}],"line":8},"2":{"loc":{"start":{"line":9,"column":26},"end":{"line":9,"column":99}},"type":"cond-expr","locations":[{"start":{"line":9,"column":42},"end":{"line":9,"column":57}},{"start":{"line":9,"column":60},"end":{"line":9,"column":99}}],"line":9},"3":{"loc":{"start":{"line":10,"column":12},"end":{"line":20,"column":13}},"type":"if","locations":[{"start":{"line":10,"column":12},"end":{"line":20,"column":13}},{"start":{"line":18,"column":19},"end":{"line":20,"column":13}}],"line":10},"4":{"loc":{"start":{"line":12,"column":16},"end":{"line":17,"column":17}},"type":"if","locations":[{"start":{"line":12,"column":16},"end":{"line":17,"column":17}},{"start":{"line":15,"column":23},"end":{"line":17,"column":17}}],"line":12}},"s":{"0":1,"1":1,"2":1,"3":1,"4":0,"5":0,"6":0,"7":0,"8":0,"9":0,"10":0,"11":0,"12":0,"13":0,"14":0,"15":0,"16":1},"f":{"0":0},"b":{"0":[0,0],"1":[0,0],"2":[0,0],"3":[0,0],"4":[0,0]},"_coverageSchema":"1a1c01bbd47fc00a2c39e90264f33305004495a9","hash":"13eb1715e22d3b7e0120a8c183f4a0ce4ad9c665"}
,"D:\\Github Repos\\REC-CTS-DN-Reverence-FEP\\server\\models\\preference.model.js": {"path":"D:\\Github Repos\\REC-CTS-DN-Reverence-FEP\\server\\models\\preference.model.js","statementMap":{"0":{"start":{"line":1,"column":17},"end":{"line":1,"column":36}},"1":{"start":{"line":3,"column":15},"end":{"line":55,"column":2}},"2":{"start":{"line":58,"column":19},"end":{"line":58,"column":55}},"3":{"start":{"line":60,"column":0},"end":{"line":60,"column":28}}},"fnMap":{},"branchMap":{},"s":{"0":1,"1":1,"2":1,"3":1},"f":{},"b":{},"_coverageSchema":"1a1c01bbd47fc00a2c39e90264f33305004495a9","hash":"0546d2e494896cdb5dbd50f73cad235c4f45489f"}
,"D:\\Github Repos\\REC-CTS-DN-Reverence-FEP\\server\\models\\user.model.js": {"path":"D:\\Github Repos\\REC-CTS-DN-Reverence-FEP\\server\\models\\user.model.js","statementMap":{"0":{"start":{"line":1,"column":17},"end":{"line":1,"column":36}},"1":{"start":{"line":3,"column":15},"end":{"line":26,"column":2}},"2":{"start":{"line":29,"column":13},"end":{"line":29,"column":43}},"3":{"start":{"line":31,"column":0},"end":{"line":31,"column":22}}},"fnMap":{},"branchMap":{},"s":{"0":1,"1":1,"2":1,"3":1},"f":{},"b":{},"_coverageSchema":"1a1c01bbd47fc00a2c39e90264f33305004495a9","hash":"535539029848c8d7cd9a56c9b0a79373bf1a563a"}
,"D:\\Github Repos\\REC-CTS-DN-Reverence-FEP\\server\\modules\\jwt-auth.modules.js": {"path":"D:\\Github Repos\\REC-CTS-DN-Reverence-FEP\\server\\modules\\jwt-auth.modules.js","statementMap":{"0":{"start":{"line":1,"column":12},"end":{"line":1,"column":35}},"1":{"start":{"line":2,"column":15},"end":{"line":2,"column":34}},"2":{"start":{"line":4,"column":15},"end":{"line":4,"column":35}},"3":{"start":{"line":7,"column":18},"end":{"line":11,"column":5}},"4":{"start":{"line":13,"column":4},"end":{"line":13,"column":17}},"5":{"start":{"line":17,"column":17},"end":{"line":17,"column":53}},"6":{"start":{"line":18,"column":4},"end":{"line":18,"column":16}},"7":{"start":{"line":22,"column":4},"end":{"line":22,"column":54}},"8":{"start":{"line":24,"column":17},"end":{"line":24,"column":66}},"9":{"start":{"line":25,"column":4},"end":{"line":25,"column":48}},"10":{"start":{"line":29,"column":0},"end":{"line":29,"column":70}}},"fnMap":{"0":{"name":"createToken","decl":{"start":{"line":6,"column":9},"end":{"line":6,"column":20}},"loc":{"start":{"line":6,"column":30},"end":{"line":14,"column":1}},"line":6},"1":{"name":"comparePassword","decl":{"start":{"line":16,"column":15},"end":{"line":16,"column":30}},"loc":{"start":{"line":16,"column":47},"end":{"line":19,"column":1}},"line":16},"2":{"name":"checkEmail","decl":{"start":{"line":21,"column":15},"end":{"line":21,"column":25}},"loc":{"start":{"line":21,"column":35},"end":{"line":26,"column":1}},"line":21}},"branchMap":{},"s":{"0":1,"1":1,"2":1,"3":1,"4":1,"5":2,"6":2,"7":0,"8":0,"9":0,"10":1},"f":{"0":1,"1":2,"2":0},"b":{},"_coverageSchema":"1a1c01bbd47fc00a2c39e90264f33305004495a9","hash":"8925c2ef436e3398783be150916fe29b139d2a4b"}
,"D:\\Github Repos\\REC-CTS-DN-Reverence-FEP\\server\\routes\\logout.route.js": {"path":"D:\\Github Repos\\REC-CTS-DN-Reverence-FEP\\server\\routes\\logout.route.js","statementMap":{"0":{"start":{"line":1,"column":16},"end":{"line":1,"column":34}},"1":{"start":{"line":3,"column":15},"end":{"line":3,"column":31}},"2":{"start":{"line":5,"column":0},"end":{"line":12,"column":3}},"3":{"start":{"line":6,"column":4},"end":{"line":11,"column":5}},"4":{"start":{"line":7,"column":8},"end":{"line":7,"column":61}},"5":{"start":{"line":8,"column":8},"end":{"line":8,"column":33}},"6":{"start":{"line":10,"column":8},"end":{"line":10,"column":40}},"7":{"start":{"line":14,"column":0},"end":{"line":14,"column":23}}},"fnMap":{"0":{"name":"(anonymous_0)","decl":{"start":{"line":5,"column":16},"end":{"line":5,"column":17}},"loc":{"start":{"line":5,"column":36},"end":{"line":12,"column":1}},"line":5}},"branchMap":{},"s":{"0":1,"1":1,"2":1,"3":1,"4":1,"5":1,"6":0,"7":1},"f":{"0":1},"b":{},"_coverageSchema":"1a1c01bbd47fc00a2c39e90264f33305004495a9","hash":"162d6c79eea2d7bbe2b7d212556739d16bea6e95"}
,"D:\\Github Repos\\REC-CTS-DN-Reverence-FEP\\server\\routes\\preference.route.js": {"path":"D:\\Github Repos\\REC-CTS-DN-Reverence-FEP\\server\\routes\\preference.route.js","statementMap":{"0":{"start":{"line":1,"column":16},"end":{"line":1,"column":34}},"1":{"start":{"line":2,"column":19},"end":{"line":2,"column":59}},"2":{"start":{"line":3,"column":19},"end":{"line":3,"column":68}},"3":{"start":{"line":4,"column":13},"end":{"line":4,"column":47}},"4":{"start":{"line":5,"column":15},"end":{"line":5,"column":31}},"5":{"start":{"line":7,"column":0},"end":{"line":17,"column":3}},"6":{"start":{"line":8,"column":4},"end":{"line":8,"column":26}},"7":{"start":{"line":9,"column":4},"end":{"line":15,"column":5}},"8":{"start":{"line":10,"column":26},"end":{"line":10,"column":59}},"9":{"start":{"line":11,"column":4},"end":{"line":11,"column":69}},"10":{"start":{"line":11,"column":36},"end":{"line":11,"column":67}},"11":{"start":{"line":12,"column":4},"end":{"line":12,"column":24}},"12":{"start":{"line":14,"column":8},"end":{"line":14,"column":23}},"13":{"start":{"line":19,"column":0},"end":{"line":27,"column":3}},"14":{"start":{"line":20,"column":4},"end":{"line":26,"column":5}},"15":{"start":{"line":21,"column":24},"end":{"line":21,"column":66}},"16":{"start":{"line":22,"column":27},"end":{"line":22,"column":83}},"17":{"start":{"line":23,"column":4},"end":{"line":23,"column":41}},"18":{"start":{"line":25,"column":8},"end":{"line":25,"column":23}},"19":{"start":{"line":29,"column":0},"end":{"line":36,"column":2}},"20":{"start":{"line":30,"column":4},"end":{"line":35,"column":5}},"21":{"start":{"line":31,"column":27},"end":{"line":31,"column":50}},"22":{"start":{"line":32,"column":4},"end":{"line":32,"column":41}},"23":{"start":{"line":34,"column":8},"end":{"line":34,"column":23}},"24":{"start":{"line":38,"column":0},"end":{"line":38,"column":23}}},"fnMap":{"0":{"name":"(anonymous_0)","decl":{"start":{"line":7,"column":17},"end":{"line":7,"column":18}},"loc":{"start":{"line":7,"column":37},"end":{"line":17,"column":1}},"line":7},"1":{"name":"(anonymous_1)","decl":{"start":{"line":11,"column":30},"end":{"line":11,"column":31}},"loc":{"start":{"line":11,"column":36},"end":{"line":11,"column":67}},"line":11},"2":{"name":"(anonymous_2)","decl":{"start":{"line":19,"column":27},"end":{"line":19,"column":28}},"loc":{"start":{"line":19,"column":44},"end":{"line":27,"column":1}},"line":19},"3":{"name":"(anonymous_3)","decl":{"start":{"line":29,"column":19},"end":{"line":29,"column":20}},"loc":{"start":{"line":29,"column":36},"end":{"line":36,"column":1}},"line":29}},"branchMap":{},"s":{"0":1,"1":1,"2":1,"3":1,"4":1,"5":1,"6":0,"7":0,"8":0,"9":0,"10":0,"11":0,"12":0,"13":1,"14":0,"15":0,"16":0,"17":0,"18":0,"19":1,"20":0,"21":0,"22":0,"23":0,"24":1},"f":{"0":0,"1":0,"2":0,"3":0},"b":{},"_coverageSchema":"1a1c01bbd47fc00a2c39e90264f33305004495a9","hash":"f5d1312fad90e5e461e7a11897c3fad534fe0c5f"}
,"D:\\Github Repos\\REC-CTS-DN-Reverence-FEP\\server\\routes\\user.route.js": {"path":"D:\\Github Repos\\REC-CTS-DN-Reverence-FEP\\server\\routes\\user.route.js","statementMap":{"0":{"start":{"line":1,"column":16},"end":{"line":1,"column":34}},"1":{"start":{"line":2,"column":15},"end":{"line":2,"column":34}},"2":{"start":{"line":3,"column":74},"end":{"line":3,"column":115}},"3":{"start":{"line":4,"column":19},"end":{"line":4,"column":68}},"4":{"start":{"line":5,"column":13},"end":{"line":5,"column":47}},"5":{"start":{"line":8,"column":11},"end":{"line":8,"column":33}},"6":{"start":{"line":11,"column":15},"end":{"line":11,"column":31}},"7":{"start":{"line":14,"column":0},"end":{"line":25,"column":3}},"8":{"start":{"line":15,"column":4},"end":{"line":24,"column":5}},"9":{"start":{"line":16,"column":8},"end":{"line":16,"column":69}},"10":{"start":{"line":17,"column":24},"end":{"line":17,"column":51}},"11":{"start":{"line":19,"column":8},"end":{"line":19,"column":61}},"12":{"start":{"line":19,"column":34},"end":{"line":19,"column":59}},"13":{"start":{"line":20,"column":8},"end":{"line":20,"column":26}},"14":{"start":{"line":22,"column":8},"end":{"line":22,"column":40}},"15":{"start":{"line":23,"column":8},"end":{"line":23,"column":27}},"16":{"start":{"line":47,"column":0},"end":{"line":80,"column":3}},"17":{"start":{"line":48,"column":4},"end":{"line":79,"column":5}},"18":{"start":{"line":49,"column":28},"end":{"line":49,"column":73}},"19":{"start":{"line":50,"column":8},"end":{"line":73,"column":9}},"20":{"start":{"line":51,"column":26},"end":{"line":51,"column":88}},"21":{"start":{"line":54,"column":12},"end":{"line":67,"column":13}},"22":{"start":{"line":55,"column":34},"end":{"line":57,"column":22}},"23":{"start":{"line":58,"column":20},"end":{"line":58,"column":81}},"24":{"start":{"line":59,"column":20},"end":{"line":61,"column":23}},"25":{"start":{"line":64,"column":16},"end":{"line":66,"column":19}},"26":{"start":{"line":69,"column":12},"end":{"line":69,"column":65}},"27":{"start":{"line":70,"column":12},"end":{"line":72,"column":15}},"28":{"start":{"line":76,"column":8},"end":{"line":76,"column":61}},"29":{"start":{"line":77,"column":8},"end":{"line":77,"column":27}},"30":{"start":{"line":78,"column":8},"end":{"line":78,"column":40}},"31":{"start":{"line":177,"column":0},"end":{"line":193,"column":3}},"32":{"start":{"line":178,"column":24},"end":{"line":183,"column":38}},"33":{"start":{"line":184,"column":4},"end":{"line":184,"column":29}},"34":{"start":{"line":185,"column":4},"end":{"line":192,"column":5}},"35":{"start":{"line":186,"column":12},"end":{"line":186,"column":46}},"36":{"start":{"line":189,"column":8},"end":{"line":191,"column":11}},"37":{"start":{"line":285,"column":0},"end":{"line":285,"column":24}}},"fnMap":{"0":{"name":"(anonymous_0)","decl":{"start":{"line":14,"column":23},"end":{"line":14,"column":24}},"loc":{"start":{"line":14,"column":43},"end":{"line":25,"column":1}},"line":14},"1":{"name":"(anonymous_1)","decl":{"start":{"line":19,"column":28},"end":{"line":19,"column":29}},"loc":{"start":{"line":19,"column":34},"end":{"line":19,"column":59}},"line":19},"2":{"name":"(anonymous_2)","decl":{"start":{"line":47,"column":22},"end":{"line":47,"column":23}},"loc":{"start":{"line":47,"column":42},"end":{"line":80,"column":1}},"line":47},"3":{"name":"(anonymous_3)","decl":{"start":{"line":177,"column":39},"end":{"line":177,"column":40}},"loc":{"start":{"line":177,"column":59},"end":{"line":193,"column":1}},"line":177}},"branchMap":{"0":{"loc":{"start":{"line":50,"column":8},"end":{"line":73,"column":9}},"type":"if","locations":[{"start":{"line":50,"column":8},"end":{"line":73,"column":9}},{"start":{"line":68,"column":15},"end":{"line":73,"column":9}}],"line":50},"1":{"loc":{"start":{"line":54,"column":12},"end":{"line":67,"column":13}},"type":"if","locations":[{"start":{"line":54,"column":12},"end":{"line":67,"column":13}},{"start":{"line":63,"column":18},"end":{"line":67,"column":13}}],"line":54},"2":{"loc":{"start":{"line":185,"column":4},"end":{"line":192,"column":5}},"type":"if","locations":[{"start":{"line":185,"column":4},"end":{"line":192,"column":5}},{"start":{"line":188,"column":9},"end":{"line":192,"column":5}}],"line":185}},"s":{"0":1,"1":1,"2":1,"3":1,"4":1,"5":1,"6":1,"7":1,"8":0,"9":0,"10":0,"11":0,"12":0,"13":0,"14":0,"15":0,"16":1,"17":2,"18":2,"19":2,"20":2,"21":2,"22":1,"23":1,"24":1,"25":1,"26":0,"27":0,"28":0,"29":0,"30":0,"31":1,"32":0,"33":0,"34":0,"35":0,"36":0,"37":1},"f":{"0":0,"1":0,"2":2,"3":0},"b":{"0":[2,0],"1":[1,1],"2":[0,0]},"_coverageSchema":"1a1c01bbd47fc00a2c39e90264f33305004495a9","hash":"22a83bcb889eb760a50bd72f8816232bd3da209a"}
}
