TN:
SF:server.js
FN:34,(anonymous_0)
FN:38,(anonymous_1)
FN:42,(anonymous_2)
FNF:3
FNH:1
FNDA:1,(anonymous_0)
FNDA:0,(anonymous_1)
FNDA:0,(anonymous_2)
DA:1,1
DA:2,1
DA:3,1
DA:4,1
DA:5,1
DA:6,1
DA:7,1
DA:8,1
DA:9,1
DA:10,1
DA:12,1
DA:14,1
DA:15,1
DA:17,1
DA:18,1
DA:22,1
DA:23,1
DA:24,1
DA:27,1
DA:34,1
DA:35,1
DA:38,1
DA:39,0
DA:42,1
DA:43,0
DA:46,1
DA:47,1
DA:48,1
DA:50,1
LF:29
LH:27
BRF:0
BRH:0
end_of_record
TN:
SF:middleware\isLoggedIn.middleware.js
FN:6,(anonymous_0)
FNF:1
FNH:0
FNDA:0,(anonymous_0)
DA:1,1
DA:2,1
DA:4,1
DA:6,1
DA:7,0
DA:8,0
DA:9,0
DA:10,0
DA:11,0
DA:12,0
DA:13,0
DA:14,0
DA:16,0
DA:19,0
DA:22,0
DA:25,0
DA:29,1
LF:17
LH:5
BRDA:8,0,0,0
BRDA:8,0,1,0
BRDA:8,1,0,0
BRDA:8,1,1,0
BRDA:9,2,0,0
BRDA:9,2,1,0
BRDA:10,3,0,0
BRDA:10,3,1,0
BRDA:12,4,0,0
BRDA:12,4,1,0
BRF:10
BRH:0
end_of_record
TN:
SF:models\preference.model.js
FNF:0
FNH:0
DA:1,1
DA:3,1
DA:58,1
DA:60,1
LF:4
LH:4
BRF:0
BRH:0
end_of_record
TN:
SF:models\user.model.js
FNF:0
FNH:0
DA:1,1
DA:3,1
DA:29,1
DA:31,1
LF:4
LH:4
BRF:0
BRH:0
end_of_record
TN:
SF:modules\jwt-auth.modules.js
FN:6,createToken
FN:16,comparePassword
FN:21,checkEmail
FNF:3
FNH:2
FNDA:1,createToken
FNDA:2,comparePassword
FNDA:0,checkEmail
DA:1,1
DA:2,1
DA:4,1
DA:7,1
DA:13,1
DA:17,2
DA:18,2
DA:22,0
DA:24,0
DA:25,0
DA:29,1
LF:11
LH:8
BRF:0
BRH:0
end_of_record
TN:
SF:routes\logout.route.js
FN:5,(anonymous_0)
FNF:1
FNH:1
FNDA:1,(anonymous_0)
DA:1,1
DA:3,1
DA:5,1
DA:6,1
DA:7,1
DA:8,1
DA:10,0
DA:14,1
LF:8
LH:7
BRF:0
BRH:0
end_of_record
TN:
SF:routes\preference.route.js
FN:7,(anonymous_0)
FN:11,(anonymous_1)
FN:19,(anonymous_2)
FN:29,(anonymous_3)
FNF:4
FNH:0
FNDA:0,(anonymous_0)
FNDA:0,(anonymous_1)
FNDA:0,(anonymous_2)
FNDA:0,(anonymous_3)
DA:1,1
DA:2,1
DA:3,1
DA:4,1
DA:5,1
DA:7,1
DA:8,0
DA:9,0
DA:10,0
DA:11,0
DA:12,0
DA:14,0
DA:19,1
DA:20,0
DA:21,0
DA:22,0
DA:23,0
DA:25,0
DA:29,1
DA:30,0
DA:31,0
DA:32,0
DA:34,0
DA:38,1
LF:24
LH:9
BRF:0
BRH:0
end_of_record
TN:
SF:routes\user.route.js
FN:14,(anonymous_0)
FN:19,(anonymous_1)
FN:47,(anonymous_2)
FN:177,(anonymous_3)
FNF:4
FNH:1
FNDA:0,(anonymous_0)
FNDA:0,(anonymous_1)
FNDA:2,(anonymous_2)
FNDA:0,(anonymous_3)
DA:1,1
DA:2,1
DA:3,1
DA:4,1
DA:5,1
DA:8,1
DA:11,1
DA:14,1
DA:15,0
DA:16,0
DA:17,0
DA:19,0
DA:20,0
DA:22,0
DA:23,0
DA:47,1
DA:48,2
DA:49,2
DA:50,2
DA:51,2
DA:54,2
DA:55,1
DA:58,1
DA:59,1
DA:64,1
DA:69,0
DA:70,0
DA:76,0
DA:77,0
DA:78,0
DA:177,1
DA:178,0
DA:184,0
DA:185,0
DA:186,0
DA:189,0
DA:285,1
LF:37
LH:20
BRDA:50,0,0,2
BRDA:50,0,1,0
BRDA:54,1,0,1
BRDA:54,1,1,1
BRDA:185,2,0,0
BRDA:185,2,1,0
BRF:6
BRH:3
end_of_record
